# JRE version: 7.0_09-b05
# Java VM: Java HotSpot(TM) 64-Bit Server VM (23.5-b02 mixed mode windows-amd64 compressed oops)
Heap
 PSYoungGen      total 77184K, used 61239K [0x00000000eb2b0000, 0x00000000f0800000, 0x0000000100000000)
  eden space 66304K, 89% used [0x00000000eb2b0000,0x00000000eec84480,0x00000000ef370000)
  from space 10880K, 18% used [0x00000000efd60000,0x00000000eff59ae0,0x00000000f0800000)
  to   space 10176K, 0% used [0x00000000ef370000,0x00000000ef370000,0x00000000efd60000)
 ParOldGen       total 174784K, used 49665K [0x00000000c1800000, 0x00000000cc2b0000, 0x00000000eb2b0000)
  object space 174784K, 28% used [0x00000000c1800000,0x00000000c4880458,0x00000000cc2b0000)
 PSPermGen       total 52160K, used 52111K [0x00000000bc600000, 0x00000000bf8f0000, 0x00000000c1800000)
  object space 52160K, 99% used [0x00000000bc600000,0x00000000bf8e3f70,0x00000000bf8f0000)
GC Heap History (10 events):
Event: 152.296 GC heap before
{Heap before GC invocations=26 (full 0):
 PSYoungGen      total 71488K, used 57184K [0x00000000eb2b0000, 0x00000000f0800000, 0x0000000100000000)
  eden space 56320K, 100% used [0x00000000eb2b0000,0x00000000ee9b0000,0x00000000ee9b0000)
  from space 15168K, 5% used [0x00000000ee9b0000,0x00000000eea88000,0x00000000ef880000)
  to   space 14400K, 0% used [0x00000000ef9f0000,0x00000000ef9f0000,0x00000000f0800000)
 ParOldGen       total 174784K, used 47982K [0x00000000c1800000, 0x00000000cc2b0000, 0x00000000eb2b0000)
  object space 174784K, 27% used [0x00000000c1800000,0x00000000c46dbb48,0x00000000cc2b0000)
 PSPermGen       total 50816K, used 50755K [0x00000000bc600000, 0x00000000bf7a0000, 0x00000000c1800000)
  object space 50816K, 99% used [0x00000000bc600000,0x00000000bf790c80,0x00000000bf7a0000)
Event: 152.300 GC heap after
Heap after GC invocations=26 (full 0):
 PSYoungGen      total 73728K, used 658K [0x00000000eb2b0000, 0x00000000f0800000, 0x0000000100000000)
  eden space 59328K, 0% used [0x00000000eb2b0000,0x00000000eb2b0000,0x00000000eeca0000)
  from space 14400K, 4% used [0x00000000ef9f0000,0x00000000efa94be0,0x00000000f0800000)
  to   space 13632K, 0% used [0x00000000eeca0000,0x00000000eeca0000,0x00000000ef9f0000)
 ParOldGen       total 174784K, used 48670K [0x00000000c1800000, 0x00000000cc2b0000, 0x00000000eb2b0000)
  object space 174784K, 27% used [0x00000000c1800000,0x00000000c4787b58,0x00000000cc2b0000)
 PSPermGen       total 50816K, used 50755K [0x00000000bc600000, 0x00000000bf7a0000, 0x00000000c1800000)
  object space 50816K, 99% used [0x00000000bc600000,0x00000000bf790c80,0x00000000bf7a0000)
}
Event: 159.150 GC heap before
{Heap before GC invocations=27 (full 0):
 PSYoungGen      total 73728K, used 59986K [0x00000000eb2b0000, 0x00000000f0800000, 0x0000000100000000)
  eden space 59328K, 100% used [0x00000000eb2b0000,0x00000000eeca0000,0x00000000eeca0000)
  from space 14400K, 4% used [0x00000000ef9f0000,0x00000000efa94be0,0x00000000f0800000)
  to   space 13632K, 0% used [0x00000000eeca0000,0x00000000eeca0000,0x00000000ef9f0000)
 ParOldGen       total 174784K, used 48670K [0x00000000c1800000, 0x00000000cc2b0000, 0x00000000eb2b0000)
  object space 174784K, 27% used [0x00000000c1800000,0x00000000c4787b58,0x00000000cc2b0000)
 PSPermGen       total 51008K, used 50926K [0x00000000bc600000, 0x00000000bf7d0000, 0x00000000c1800000)
  object space 51008K, 99% used [0x00000000bc600000,0x00000000bf7bb9f0,0x00000000bf7d0000)
Event: 159.154 GC heap after
Heap after GC invocations=27 (full 0):
 PSYoungGen      total 72960K, used 2115K [0x00000000eb2b0000, 0x00000000f0800000, 0x0000000100000000)
  eden space 59328K, 0% used [0x00000000eb2b0000,0x00000000eb2b0000,0x00000000eeca0000)
  from space 13632K, 15% used [0x00000000eeca0000,0x00000000eeeb0d58,0x00000000ef9f0000)
  to   space 12672K, 0% used [0x00000000efba0000,0x00000000efba0000,0x00000000f0800000)
 ParOldGen       total 174784K, used 48837K [0x00000000c1800000, 0x00000000cc2b0000, 0x00000000eb2b0000)
  object space 174784K, 27% used [0x00000000c1800000,0x00000000c47b1558,0x00000000cc2b0000)
 PSPermGen       total 51008K, used 50926K [0x00000000bc600000, 0x00000000bf7d0000, 0x00000000c1800000)
  object space 51008K, 99% used [0x00000000bc600000,0x00000000bf7bb9f0,0x00000000bf7d0000)
}
Event: 163.137 GC heap before
{Heap before GC invocations=28 (full 0):
 PSYoungGen      total 72960K, used 61443K [0x00000000eb2b0000, 0x00000000f0800000, 0x0000000100000000)
  eden space 59328K, 100% used [0x00000000eb2b0000,0x00000000eeca0000,0x00000000eeca0000)
  from space 13632K, 15% used [0x00000000eeca0000,0x00000000eeeb0d58,0x00000000ef9f0000)
  to   space 12672K, 0% used [0x00000000efba0000,0x00000000efba0000,0x00000000f0800000)
 ParOldGen       total 174784K, used 48837K [0x00000000c1800000, 0x00000000cc2b0000, 0x00000000eb2b0000)
  object space 174784K, 27% used [0x00000000c1800000,0x00000000c47b1558,0x00000000cc2b0000)
 PSPermGen       total 51008K, used 50930K [0x00000000bc600000, 0x00000000bf7d0000, 0x00000000c1800000)
  object space 51008K, 99% used [0x00000000bc600000,0x00000000bf7bcae8,0x00000000bf7d0000)
Event: 163.141 GC heap after
Heap after GC invocations=28 (full 0):
 PSYoungGen      total 75584K, used 1888K [0x00000000eb2b0000, 0x00000000f0800000, 0x0000000100000000)
  eden space 62912K, 0% used [0x00000000eb2b0000,0x00000000eb2b0000,0x00000000ef020000)
  from space 12672K, 14% used [0x00000000efba0000,0x00000000efd78000,0x00000000f0800000)
  to   space 11776K, 0% used [0x00000000ef020000,0x00000000ef020000,0x00000000efba0000)
 ParOldGen       total 174784K, used 49601K [0x00000000c1800000, 0x00000000cc2b0000, 0x00000000eb2b0000)
  object space 174784K, 28% used [0x00000000c1800000,0x00000000c4870458,0x00000000cc2b0000)
 PSPermGen       total 51008K, used 50930K [0x00000000bc600000, 0x00000000bf7d0000, 0x00000000c1800000)
  object space 51008K, 99% used [0x00000000bc600000,0x00000000bf7bcae8,0x00000000bf7d0000)
}
Event: 171.058 GC heap before
{Heap before GC invocations=29 (full 0):
 PSYoungGen      total 75584K, used 64800K [0x00000000eb2b0000, 0x00000000f0800000, 0x0000000100000000)
  eden space 62912K, 100% used [0x00000000eb2b0000,0x00000000ef020000,0x00000000ef020000)
  from space 12672K, 14% used [0x00000000efba0000,0x00000000efd78000,0x00000000f0800000)
  to   space 11776K, 0% used [0x00000000ef020000,0x00000000ef020000,0x00000000efba0000)
 ParOldGen       total 174784K, used 49601K [0x00000000c1800000, 0x00000000cc2b0000, 0x00000000eb2b0000)
  object space 174784K, 28% used [0x00000000c1800000,0x00000000c4870458,0x00000000cc2b0000)
 PSPermGen       total 51008K, used 50950K [0x00000000bc600000, 0x00000000bf7d0000, 0x00000000c1800000)
  object space 51008K, 99% used [0x00000000bc600000,0x00000000bf7c1a78,0x00000000bf7d0000)
Event: 171.062 GC heap after
Heap after GC invocations=29 (full 0):
 PSYoungGen      total 74688K, used 2396K [0x00000000eb2b0000, 0x00000000f0800000, 0x0000000100000000)
  eden space 62912K, 0% used [0x00000000eb2b0000,0x00000000eb2b0000,0x00000000ef020000)
  from space 11776K, 20% used [0x00000000ef020000,0x00000000ef277390,0x00000000efba0000)
  to   space 10880K, 0% used [0x00000000efd60000,0x00000000efd60000,0x00000000f0800000)
 ParOldGen       total 174784K, used 49609K [0x00000000c1800000, 0x00000000cc2b0000, 0x00000000eb2b0000)
  object space 174784K, 28% used [0x00000000c1800000,0x00000000c4872458,0x00000000cc2b0000)
 PSPermGen       total 51008K, used 50950K [0x00000000bc600000, 0x00000000bf7d0000, 0x00000000c1800000)
  object space 51008K, 99% used [0x00000000bc600000,0x00000000bf7c1a78,0x00000000bf7d0000)
}
Event: 179.842 GC heap before
{Heap before GC invocations=30 (full 0):
 PSYoungGen      total 74688K, used 65308K [0x00000000eb2b0000, 0x00000000f0800000, 0x0000000100000000)
  eden space 62912K, 100% used [0x00000000eb2b0000,0x00000000ef020000,0x00000000ef020000)
  from space 11776K, 20% used [0x00000000ef020000,0x00000000ef277390,0x00000000efba0000)
  to   space 10880K, 0% used [0x00000000efd60000,0x00000000efd60000,0x00000000f0800000)
 ParOldGen       total 174784K, used 49609K [0x00000000c1800000, 0x00000000cc2b0000, 0x00000000eb2b0000)
  object space 174784K, 28% used [0x00000000c1800000,0x00000000c4872458,0x00000000cc2b0000)
 PSPermGen       total 51008K, used 50957K [0x00000000bc600000, 0x00000000bf7d0000, 0x00000000c1800000)
  object space 51008K, 99% used [0x00000000bc600000,0x00000000bf7c3640,0x00000000bf7d0000)
Event: 179.847 GC heap after
Heap after GC invocations=30 (full 0):
 PSYoungGen      total 77184K, used 2022K [0x00000000eb2b0000, 0x00000000f0800000, 0x0000000100000000)
  eden space 66304K, 0% used [0x00000000eb2b0000,0x00000000eb2b0000,0x00000000ef370000)
  from space 10880K, 18% used [0x00000000efd60000,0x00000000eff59ae0,0x00000000f0800000)
  to   space 10176K, 0% used [0x00000000ef370000,0x00000000ef370000,0x00000000efd60000)
 ParOldGen       total 174784K, used 49665K [0x00000000c1800000, 0x00000000cc2b0000, 0x00000000eb2b0000)
  object space 174784K, 28% used [0x00000000c1800000,0x00000000c4880458,0x00000000cc2b0000)
 PSPermGen       total 51008K, used 50957K [0x00000000bc600000, 0x00000000bf7d0000, 0x00000000c1800000)
  object space 51008K, 99% used [0x00000000bc600000,0x00000000bf7c3640,0x00000000bf7d0000)
}

